info: Mar-05-2021 14:43:56: 	Mongoose connection open to master DB
{"message":"Mongoose connection open to master DB","level":"info"}
{"level: info", "time": Mar-05-2021 14:46:21, "message": 	Mongoose connection open to master DB}
{"level": "info", "time": "Mar-05-2021 14:47:10", "message": "	Mongoose connection open to master DB"}
{"level": "info", "time": "Mar-05-2021 14:47:40", "message": "	Mongoose connection open to master DB"}
info Mar-05-2021 14:48:37 	Mongoose connection open to master DB
info: Mar-05-2021 14:48:46: 	Mongoose connection open to master DB
info: Mar-05-2021 14:49:21: 	Mongoose connection open to master DB
info: Mar-05-2021 14:49:29: 	Mongoose connection open to master DB
info: Mar-05-2021 14:52:16: 	Mongoose connection open to master DB
{"message":"Mongoose connection open to master DB","level":"info"}
info: Mar-05-2021 14:53:48: 	Mongoose connection open to master DB
{"message":"Mongoose connection open to master DB","level":"info"}
info: Mar-05-2021 14:54:40: 	Mongoose connection open to master DB
info: Mar-05-2021 14:57:06: 	Mongoose connection open to master DB
{"message":"\tMongoose connection open to master DB","level":"info","timestamp":"Mar-05-2021 14:59:00"}
{"message":"\tMongoose connection open to master DB","level":"info","timestamp":"Mar-05-2021 15:00:10"}
{"message":"\tMongoose connection open to master DB","level":"info","timestamp":"Mar-05-2021 15:13:45"}
{"message":"\tMongoose connection open to master DB","level":"info","timestamp":"Mar-05-2021 15:14:59"}
{"message":"\tMongoose connection open to master DB","level":"info","timestamp":"Mar-05-2021 15:15:25"}
{"message":"\tMongoose connection open to master DB","level":"info","timestamp":"Mar-05-2021 15:17:36"}
{"message":"\tMongoose connection open to master DB","level":"info","timestamp":"Mar-05-2021 15:18:39"}
{"message":"\tMongoose connection open to master DB","level":"info","timestamp":"Mar-05-2021 15:19:26"}
{"message":"\tMongoose connection open to master DB","level":"info","timestamp":"Mar-05-2021 15:19:33"}
{"message":"\tMongoose connection open to master DB","level":"info","timestamp":"Mar-05-2021 15:23:00"}
{"message":"\tMongoose connection open to master DB","level":"info","timestamp":"Mar-05-2021 15:30:03"}
{"message":"\tMongoose connection open to master DB","level":"info","timestamp":"Mar-05-2021 15:39:53"}
{"message":"\tMongoose connection open to master DB","level":"info","timestamp":"Mar-05-2021 15:40:22"}
{"message":"\tMongoose connection open to master DB","level":"info","timestamp":"Mar-05-2021 15:40:58"}
{"message":"\tMongoose connection open to master DB","level":"info","timestamp":"Mar-05-2021 15:41:48"}
{"message":"\tMongoose connection open to master DB","level":"info","timestamp":"Mar-05-2021 15:42:19"}
{"message":"\tMongoose connection open to master DB","level":"info","timestamp":"Mar-05-2021 15:42:44"}
{"message":"\tMongoose connection open to master DB","level":"info","timestamp":"Mar-05-2021 15:43:26"}
{"message":"\tMongoose connection open to master DB","level":"info","timestamp":"Mar-05-2021 15:43:48"}
{"message":"\tMongoose connection open to master DB","level":"info","timestamp":"Mar-05-2021 15:44:17"}
{"message":"\tMongoose connection disconnected for master DB","level":"info","timestamp":"Mar-05-2021 15:44:36"}
{"message":"\tMongoose connection error","level":"error","timestamp":"Mar-05-2021 15:44:36"}
{"message":"\tMongoose connection open to master DB","level":"info","timestamp":"Mar-05-2021 15:46:01"}
{"message":"\tMongoose connection open to master DB","level":"info","timestamp":"Mar-05-2021 15:49:53"}
{"message":"\tMongoose connection open to master DB","level":"info","timestamp":"Mar-05-2021 15:51:17"}
{"message":"\tMongoose connection open to master DB","level":"info","timestamp":"Mar-05-2021 15:53:25"}
{"message":"\tMongoose connection open to master DB","level":"info","timestamp":"Mar-05-2021 15:53:39"}
{"message":"\tMongoose connection open to master DB","level":"info","timestamp":"Mar-05-2021 15:54:11"}
{"message":"\t::1 - - [Fri, 05 Mar 2021 10:24:24 GMT] \"GET /api/v1/service/list-services HTTP/1.1\" 200 15 \"-\" \"PostmanRuntime/7.26.10\"\n","level":"info","timestamp":"Mar-05-2021 15:54:24"}
{"message":"\t::1 - - [Fri, 05 Mar 2021 10:26:43 GMT] \"GET /api/v1/user/Info HTTP/1.1\" 200 15 \"-\" \"PostmanRuntime/7.26.10\"\n","level":"info","timestamp":"Mar-05-2021 15:56:43"}
{"message":"\t::1 - - [Fri, 05 Mar 2021 10:26:46 GMT] \"GET /api/v1/user/bookings HTTP/1.1\" 200 15 \"-\" \"PostmanRuntime/7.26.10\"\n","level":"info","timestamp":"Mar-05-2021 15:56:46"}
{"message":"\t::1 - - [Fri, 05 Mar 2021 10:26:48 GMT] \"GET /api/v1/service/list-services HTTP/1.1\" 200 15 \"-\" \"PostmanRuntime/7.26.10\"\n","level":"info","timestamp":"Mar-05-2021 15:56:48"}
{"message":"\tMongoose connection disconnected for master DB","level":"info","timestamp":"Mar-05-2021 16:27:43"}
{"message":"\tMongoose connection open to master DB","level":"info","timestamp":"Mar-05-2021 16:32:01"}
{"message":"\tMongoose connection reconnected","level":"info","timestamp":"Mar-05-2021 16:32:01"}
{"message":"\tMongoose connection open to master DB","level":"info","timestamp":"Mar-08-2021 15:05:17"}
{"message":"\t::ffff:127.0.0.1 - - [Mon, 08 Mar 2021 09:35:18 GMT] \"PUT /api/v1/user/login HTTP/1.1\" 400 72 \"-\" \"PostmanRuntime/7.26.10\"\n","level":"info","timestamp":"Mar-08-2021 15:05:18"}
{"message":"\t::1 - - [Mon, 08 Mar 2021 09:35:33 GMT] \"PUT /api/v1/user/login HTTP/1.1\" 400 72 \"-\" \"PostmanRuntime/7.26.10\"\n","level":"info","timestamp":"Mar-08-2021 15:05:33"}
{"message":"\tMongoose connection open to master DB","level":"info","timestamp":"Mar-08-2021 15:07:22"}
{"message":"\t::1 - - [Mon, 08 Mar 2021 11:31:34 GMT] \"GET /favicon.ico HTTP/1.1\" 404 150 \"http://localhost:3000/\" \"Mozilla/5.0 (Windows NT 10.0; Win64; x64) AppleWebKit/537.36 (KHTML, like Gecko) Chrome/89.0.4389.82 Safari/537.36\"\n","level":"info","timestamp":"Mar-08-2021 17:01:34"}
{"message":"\tMongoose connection open to master DB","level":"info","timestamp":"Mar-08-2021 17:01:37"}
{"message":"\tMongoose connection open to master DB","level":"info","timestamp":"Mar-08-2021 17:15:51"}
{"message":"\t::1 - - [Mon, 08 Mar 2021 11:45:59 GMT] \"PUT /api/v1/user/login HTTP/1.1\" 500 2623 \"-\" \"PostmanRuntime/7.26.10\"\n","level":"info","timestamp":"Mar-08-2021 17:15:59"}
{"message":"\tMongoose connection open to master DB","level":"info","timestamp":"Mar-08-2021 17:16:39"}
{"message":"\t::1 - - [Mon, 08 Mar 2021 11:46:42 GMT] \"PUT /api/v1/user/login HTTP/1.1\" 500 2623 \"-\" \"PostmanRuntime/7.26.10\"\n","level":"info","timestamp":"Mar-08-2021 17:16:42"}
{"message":"\t::1 - - [Mon, 08 Mar 2021 11:47:26 GMT] \"PUT /api/v1/user/login HTTP/1.1\" 500 2623 \"-\" \"PostmanRuntime/7.26.10\"\n","level":"info","timestamp":"Mar-08-2021 17:17:26"}
{"message":"\tMongoose connection open to master DB","level":"info","timestamp":"Mar-08-2021 17:17:27"}
{"message":"\tMongoose connection open to master DB","level":"info","timestamp":"Mar-08-2021 17:18:22"}
{"message":"\t::1 - - [Mon, 08 Mar 2021 11:48:25 GMT] \"PUT /api/v1/user/login HTTP/1.1\" 201 227 \"-\" \"PostmanRuntime/7.26.10\"\n","level":"info","timestamp":"Mar-08-2021 17:18:25"}
{"message":"\tMongoose connection open to master DB","level":"info","timestamp":"Mar-08-2021 17:18:49"}
{"message":"\t::1 - - [Mon, 08 Mar 2021 11:48:49 GMT] \"PUT /api/v1/user/login HTTP/1.1\" 500 2623 \"-\" \"PostmanRuntime/7.26.10\"\n","level":"info","timestamp":"Mar-08-2021 17:18:49"}
{"message":"\tMongoose connection open to master DB","level":"info","timestamp":"Mar-08-2021 17:22:26"}
{"message":"\t::1 - - [Mon, 08 Mar 2021 11:52:27 GMT] \"PUT /api/v1/user/login HTTP/1.1\" 500 2623 \"-\" \"PostmanRuntime/7.26.10\"\n","level":"info","timestamp":"Mar-08-2021 17:22:27"}
{"message":"\tMongoose connection open to master DB","level":"info","timestamp":"Mar-08-2021 17:22:39"}
{"message":"\t::1 - - [Mon, 08 Mar 2021 11:53:00 GMT] \"PUT /api/v1/user/login HTTP/1.1\" 201 227 \"-\" \"PostmanRuntime/7.26.10\"\n","level":"info","timestamp":"Mar-08-2021 17:23:00"}
{"message":"\tMongoose connection open to master DB","level":"info","timestamp":"Mar-08-2021 17:23:56"}
{"message":"\t::1 - - [Mon, 08 Mar 2021 11:53:57 GMT] \"PUT /api/v1/user/login HTTP/1.1\" 201 227 \"-\" \"PostmanRuntime/7.26.10\"\n","level":"info","timestamp":"Mar-08-2021 17:23:57"}
{"message":"\tMongoose connection open to master DB","level":"info","timestamp":"Mar-08-2021 23:30:02"}
{"message":"\t::1 - - [Mon, 08 Mar 2021 18:00:03 GMT] \"GET /favicon.ico HTTP/1.1\" 404 150 \"http://localhost:3000/\" \"Mozilla/5.0 (Windows NT 10.0; Win64; x64) AppleWebKit/537.36 (KHTML, like Gecko) Chrome/89.0.4389.82 Safari/537.36\"\n","level":"info","timestamp":"Mar-08-2021 23:30:03"}
{"message":"\t::1 - - [Mon, 08 Mar 2021 18:00:46 GMT] \"PUT /api/v1/user/login HTTP/1.1\" 201 227 \"http://localhost:3000/\" \"Mozilla/5.0 (Windows NT 10.0; Win64; x64) AppleWebKit/537.36 (KHTML, like Gecko) Chrome/89.0.4389.82 Safari/537.36\"\n","level":"info","timestamp":"Mar-08-2021 23:30:46"}
{"message":"\tMongoose connection open to master DB","level":"info","timestamp":"Mar-08-2021 23:32:03"}
{"message":"\t::1 - - [Mon, 08 Mar 2021 18:02:14 GMT] \"GET /api/v1/user/Info HTTP/1.1\" 200 507 \"http://localhost:3000/profile.html\" \"Mozilla/5.0 (Windows NT 10.0; Win64; x64) AppleWebKit/537.36 (KHTML, like Gecko) Chrome/89.0.4389.82 Safari/537.36\"\n","level":"info","timestamp":"Mar-08-2021 23:32:14"}
{"message":"\tMongoose connection open to master DB","level":"info","timestamp":"Mar-08-2021 23:33:54"}
{"message":"\t::1 - - [Mon, 08 Mar 2021 18:03:57 GMT] \"GET /api/v1/user/Info HTTP/1.1\" 304 - \"http://localhost:3000/profile.html\" \"Mozilla/5.0 (Windows NT 10.0; Win64; x64) AppleWebKit/537.36 (KHTML, like Gecko) Chrome/89.0.4389.82 Safari/537.36\"\n","level":"info","timestamp":"Mar-08-2021 23:33:57"}
{"message":"\tMongoose connection open to master DB","level":"info","timestamp":"Mar-08-2021 23:34:29"}
{"message":"\tMongoose connection open to master DB","level":"info","timestamp":"Mar-08-2021 23:34:47"}
{"message":"\t::1 - - [Mon, 08 Mar 2021 18:04:57 GMT] \"GET /api/v1/user/Info HTTP/1.1\" 304 - \"http://localhost:3000/profile.html\" \"Mozilla/5.0 (Windows NT 10.0; Win64; x64) AppleWebKit/537.36 (KHTML, like Gecko) Chrome/89.0.4389.82 Safari/537.36\"\n","level":"info","timestamp":"Mar-08-2021 23:34:57"}
{"message":"\t::1 - - [Mon, 08 Mar 2021 18:05:07 GMT] \"GET /api/v1/user/bookings HTTP/1.1\" 304 - \"http://localhost:3000/profile.html\" \"Mozilla/5.0 (Windows NT 10.0; Win64; x64) AppleWebKit/537.36 (KHTML, like Gecko) Chrome/89.0.4389.82 Safari/537.36\"\n","level":"info","timestamp":"Mar-08-2021 23:35:07"}
{"message":"\tMongoose connection open to master DB","level":"info","timestamp":"Mar-08-2021 23:37:42"}
{"message":"\tMongoose connection open to master DB","level":"info","timestamp":"Mar-08-2021 23:39:03"}
{"message":"\tMongoose connection open to master DB","level":"info","timestamp":"Mar-08-2021 23:39:57"}
{"message":"\t::1 - - [Mon, 08 Mar 2021 18:10:40 GMT] \"GET /api/v1/user/Info HTTP/1.1\" 304 - \"http://localhost:3000/profile.html\" \"Mozilla/5.0 (Windows NT 10.0; Win64; x64) AppleWebKit/537.36 (KHTML, like Gecko) Chrome/89.0.4389.82 Safari/537.36\"\n","level":"info","timestamp":"Mar-08-2021 23:40:40"}
{"message":"\tMongoose connection open to master DB","level":"info","timestamp":"Mar-08-2021 23:44:57"}
{"message":"\tMongoose connection open to master DB","level":"info","timestamp":"Mar-08-2021 23:45:31"}
{"message":"\t::1 - - [Mon, 08 Mar 2021 18:15:32 GMT] \"GET /api/v1/user/Info HTTP/1.1\" 200 15 \"http://localhost:3000/profile.html\" \"Mozilla/5.0 (Windows NT 10.0; Win64; x64) AppleWebKit/537.36 (KHTML, like Gecko) Chrome/89.0.4389.82 Safari/537.36\"\n","level":"info","timestamp":"Mar-08-2021 23:45:32"}
{"message":"\t::1 - - [Mon, 08 Mar 2021 18:15:32 GMT] \"GET /api/v1/user/Info HTTP/1.1\" 304 - \"http://localhost:3000/profile.html\" \"Mozilla/5.0 (Windows NT 10.0; Win64; x64) AppleWebKit/537.36 (KHTML, like Gecko) Chrome/89.0.4389.82 Safari/537.36\"\n","level":"info","timestamp":"Mar-08-2021 23:45:32"}
{"message":"\t::1 - - [Mon, 08 Mar 2021 18:15:43 GMT] \"PUT /api/v1/user/login HTTP/1.1\" 201 227 \"http://localhost:3000/index.html\" \"Mozilla/5.0 (Windows NT 10.0; Win64; x64) AppleWebKit/537.36 (KHTML, like Gecko) Chrome/89.0.4389.82 Safari/537.36\"\n","level":"info","timestamp":"Mar-08-2021 23:45:43"}
{"message":"\t::1 - - [Mon, 08 Mar 2021 18:15:46 GMT] \"GET /api/v1/user/Info HTTP/1.1\" 200 507 \"http://localhost:3000/profile.html\" \"Mozilla/5.0 (Windows NT 10.0; Win64; x64) AppleWebKit/537.36 (KHTML, like Gecko) Chrome/89.0.4389.82 Safari/537.36\"\n","level":"info","timestamp":"Mar-08-2021 23:45:46"}
{"message":"\tMongoose connection open to master DB","level":"info","timestamp":"Mar-08-2021 23:46:17"}
{"message":"\t::1 - - [Mon, 08 Mar 2021 18:16:17 GMT] \"GET /api/v1/user/Info HTTP/1.1\" 304 - \"http://localhost:3000/profile.html\" \"Mozilla/5.0 (Windows NT 10.0; Win64; x64) AppleWebKit/537.36 (KHTML, like Gecko) Chrome/89.0.4389.82 Safari/537.36\"\n","level":"info","timestamp":"Mar-08-2021 23:46:17"}
{"message":"\tMongoose connection open to master DB","level":"info","timestamp":"Mar-08-2021 23:47:02"}
{"message":"\t::1 - - [Mon, 08 Mar 2021 18:17:03 GMT] \"GET /api/v1/user/Info HTTP/1.1\" 304 - \"http://localhost:3000/profile.html\" \"Mozilla/5.0 (Windows NT 10.0; Win64; x64) AppleWebKit/537.36 (KHTML, like Gecko) Chrome/89.0.4389.82 Safari/537.36\"\n","level":"info","timestamp":"Mar-08-2021 23:47:03"}
{"message":"\tMongoose connection open to master DB","level":"info","timestamp":"Mar-08-2021 23:47:34"}
{"message":"\t::1 - - [Mon, 08 Mar 2021 18:17:35 GMT] \"GET /api/v1/user/Info HTTP/1.1\" 304 - \"http://localhost:3000/profile.html\" \"Mozilla/5.0 (Windows NT 10.0; Win64; x64) AppleWebKit/537.36 (KHTML, like Gecko) Chrome/89.0.4389.82 Safari/537.36\"\n","level":"info","timestamp":"Mar-08-2021 23:47:35"}
{"message":"\tMongoose connection open to master DB","level":"info","timestamp":"Mar-08-2021 23:48:12"}
{"message":"\t::1 - - [Mon, 08 Mar 2021 18:18:13 GMT] \"GET /api/v1/user/Info HTTP/1.1\" 304 - \"http://localhost:3000/profile.html\" \"Mozilla/5.0 (Windows NT 10.0; Win64; x64) AppleWebKit/537.36 (KHTML, like Gecko) Chrome/89.0.4389.82 Safari/537.36\"\n","level":"info","timestamp":"Mar-08-2021 23:48:13"}
{"message":"\tMongoose connection open to master DB","level":"info","timestamp":"Mar-08-2021 23:48:44"}
{"message":"\t::ffff:127.0.0.1 - - [Mon, 08 Mar 2021 18:18:44 GMT] \"GET /api/v1/user/Info HTTP/1.1\" 304 - \"http://localhost:3000/profile.html\" \"Mozilla/5.0 (Windows NT 10.0; Win64; x64) AppleWebKit/537.36 (KHTML, like Gecko) Chrome/89.0.4389.82 Safari/537.36\"\n","level":"info","timestamp":"Mar-08-2021 23:48:44"}
{"message":"\tMongoose connection open to master DB","level":"info","timestamp":"Mar-08-2021 23:49:30"}
{"message":"\t::1 - - [Mon, 08 Mar 2021 18:19:45 GMT] \"GET /api/v1/user/Info HTTP/1.1\" 304 - \"http://localhost:3000/profile.html\" \"Mozilla/5.0 (Windows NT 10.0; Win64; x64) AppleWebKit/537.36 (KHTML, like Gecko) Chrome/89.0.4389.82 Safari/537.36\"\n","level":"info","timestamp":"Mar-08-2021 23:49:45"}
{"message":"\t::1 - - [Mon, 08 Mar 2021 18:20:29 GMT] \"GET /api/v1/user/Info HTTP/1.1\" 304 - \"http://localhost:3000/profile.html\" \"Mozilla/5.0 (Windows NT 10.0; Win64; x64) AppleWebKit/537.36 (KHTML, like Gecko) Chrome/89.0.4389.82 Safari/537.36\"\n","level":"info","timestamp":"Mar-08-2021 23:50:29"}
{"message":"\t::1 - - [Mon, 08 Mar 2021 18:21:10 GMT] \"GET /api/v1/user/Info HTTP/1.1\" 304 - \"http://localhost:3000/profile.html\" \"Mozilla/5.0 (Windows NT 10.0; Win64; x64) AppleWebKit/537.36 (KHTML, like Gecko) Chrome/89.0.4389.82 Safari/537.36\"\n","level":"info","timestamp":"Mar-08-2021 23:51:10"}
{"message":"\t::1 - - [Mon, 08 Mar 2021 18:21:36 GMT] \"GET /api/v1/user/Info HTTP/1.1\" 304 - \"http://localhost:3000/profile.html\" \"Mozilla/5.0 (Windows NT 10.0; Win64; x64) AppleWebKit/537.36 (KHTML, like Gecko) Chrome/89.0.4389.82 Safari/537.36\"\n","level":"info","timestamp":"Mar-08-2021 23:51:36"}
{"message":"\t::1 - - [Mon, 08 Mar 2021 18:21:54 GMT] \"GET /api/v1/user/bookings HTTP/1.1\" 200 4804 \"http://localhost:3000/profile.html\" \"Mozilla/5.0 (Windows NT 10.0; Win64; x64) AppleWebKit/537.36 (KHTML, like Gecko) Chrome/89.0.4389.82 Safari/537.36\"\n","level":"info","timestamp":"Mar-08-2021 23:51:54"}
{"message":"\tMongoose connection open to master DB","level":"info","timestamp":"Mar-08-2021 23:52:25"}
{"message":"\t::1 - - [Mon, 08 Mar 2021 18:22:26 GMT] \"GET /api/v1/service/list-services HTTP/1.1\" 304 - \"http://localhost:3000/profile.html\" \"Mozilla/5.0 (Windows NT 10.0; Win64; x64) AppleWebKit/537.36 (KHTML, like Gecko) Chrome/89.0.4389.82 Safari/537.36\"\n","level":"info","timestamp":"Mar-08-2021 23:52:26"}
{"message":"\tMongoose connection open to master DB","level":"info","timestamp":"Mar-08-2021 23:53:47"}
{"message":"\t::1 - - [Mon, 08 Mar 2021 18:23:49 GMT] \"GET /api/v1/category/list-categories HTTP/1.1\" 304 - \"http://localhost:3000/profile.html\" \"Mozilla/5.0 (Windows NT 10.0; Win64; x64) AppleWebKit/537.36 (KHTML, like Gecko) Chrome/89.0.4389.82 Safari/537.36\"\n","level":"info","timestamp":"Mar-08-2021 23:53:49"}
{"message":"\t::1 - - [Mon, 08 Mar 2021 18:24:26 GMT] \"GET /api/v1/service/get-category-services?id=603cc7a31d93725f64fe6a7b HTTP/1.1\" 304 - \"http://localhost:3000/profile.html\" \"Mozilla/5.0 (Windows NT 10.0; Win64; x64) AppleWebKit/537.36 (KHTML, like Gecko) Chrome/89.0.4389.82 Safari/537.36\"\n","level":"info","timestamp":"Mar-08-2021 23:54:26"}
{"message":"\tMongoose connection open to master DB","level":"info","timestamp":"Mar-08-2021 23:55:04"}
{"message":"\t::1 - - [Mon, 08 Mar 2021 18:25:40 GMT] \"GET /api/v1/service/get-service?id=603f4f0a5aac530b3c169fc6 HTTP/1.1\" 200 618 \"http://localhost:3000/profile.html\" \"Mozilla/5.0 (Windows NT 10.0; Win64; x64) AppleWebKit/537.36 (KHTML, like Gecko) Chrome/89.0.4389.82 Safari/537.36\"\n","level":"info","timestamp":"Mar-08-2021 23:55:40"}
{"message":"\t::1 - - [Mon, 08 Mar 2021 18:26:25 GMT] \"GET /api/v1/user/Info HTTP/1.1\" 304 - \"http://localhost:3000/profile.html\" \"Mozilla/5.0 (Windows NT 10.0; Win64; x64) AppleWebKit/537.36 (KHTML, like Gecko) Chrome/89.0.4389.82 Safari/537.36\"\n","level":"info","timestamp":"Mar-08-2021 23:56:25"}
